[2025-11-30 03:15:18] Credentials file not found.
[2025-11-30 03:17:14] EXEC: git add /home/bane/Goods/laugit/termux-laugit.sh 
[2025-11-30 03:17:15] SUCCESS: Add
[2025-11-30 03:17:15] EXEC: git status 
[2025-11-30 03:17:15] SUCCESS: Status
[2025-11-30 03:31:19] Credentials file not found.
[2025-11-30 03:31:49] EXEC: git status 
[2025-11-30 03:31:49] SUCCESS: Status
[2025-11-30 03:32:25] EXEC: git diff
[2025-11-30 03:32:44] Credentials file not found.
[2025-11-30 03:32:48] Credentials file not found.
[2025-11-30 03:32:52] EXEC: git push --force-with-lease origin main 
[2025-11-30 03:32:53] FAIL: Force Push - To https://github.com/funbinet/laugit.git
 ! [rejected]        main -> main (stale info)
error: failed to push some refs to 'https://github.com/funbinet/laugit.git'
[2025-11-30 03:33:10] Credentials file not found.
[2025-11-30 03:33:14] Credentials file not found.
[2025-11-30 03:33:17] EXEC: git push origin main 
[2025-11-30 03:33:18] FAIL: Push - To https://github.com/funbinet/laugit.git
 ! [rejected]        main -> main (fetch first)
error: failed to push some refs to 'https://github.com/funbinet/laugit.git'
hint: Updates were rejected because the remote contains work that you do not
hint: have locally. This is usually caused by another repository pushing to
hint: the same ref. If you want to integrate the remote changes, use
hint: 'git pull' before pushing again.
hint: See the 'Note about fast-forwards' in 'git push --help' for details.
[2025-11-30 03:33:51] EXEC: git push --set-upstream origin main 
[2025-11-30 03:33:53] FAIL: Set Upstream - To https://github.com/funbinet/laugit.git
 ! [rejected]        main -> main (fetch first)
error: failed to push some refs to 'https://github.com/funbinet/laugit.git'
hint: Updates were rejected because the remote contains work that you do not
hint: have locally. This is usually caused by another repository pushing to
hint: the same ref. If you want to integrate the remote changes, use
hint: 'git pull' before pushing again.
hint: See the 'Note about fast-forwards' in 'git push --help' for details.
[2025-11-30 03:33:58] Credentials file not found.
[2025-11-30 03:34:02] Credentials file not found.
[2025-11-30 03:34:10] EXEC: git pull origin main 
[2025-11-30 03:34:11] SUCCESS: Pull Merge
[2025-11-30 03:34:27] Credentials file not found.
[2025-11-30 03:34:32] Credentials file not found.
[2025-11-30 03:34:36] EXEC: git push origin main 
[2025-11-30 03:34:37] SUCCESS: Push
[2025-11-30 03:34:46] Credentials file not found.
[2025-11-30 03:34:58] Credentials file not found.
[2025-11-30 03:34:58] EXEC: git add . 
